Build started 2015/3/5 11:04:16.
     1>Project "E:\test\EasyDarwin-master\APIModules\QTSSRefMovieModule\QTSSRefMovieModule.vcxproj" on node 3 (build target(s)).
     1>InitializeBuildStatus:
         Creating ".\Debug\QTSSRefMovieModule.unsuccessfulbuild" because "AlwaysCreate" was specified.
       ClCompile:
         D:\Program Files (x86)\Microsoft Visual Studio 10.0\VC\bin\CL.exe /c /I../../ /I../../CommonUtilitiesLib/ /I../../APICommonCode /I../../RTPMetaInfoLib/ /I../../APIStubLib/ /I../../QTFileLib/ /ZI /nologo /W3 /WX- /Od /Oy- /D WIN32 /D _DEBUG /D _WINDOWS /D _USRDLL /D QTSSREFMOVIEMODULE_EXPORTS /D _VC80_UPGRADE=0x0600 /D _WINDLL /D _MBCS /Gm /EHsc /RTC1 /MTd /GS /fp:precise /Zc:wchar_t /Zc:forScope /Fo".\Debug/" /Fd".\Debug/vc100.pdb" /FR".\Debug\\" /Gd /TP /FI../../WinNTSupport/Win32header.h /analyze- /errorReport:prompt ..\OSMemory_Modules\OSMemory_Modules.cpp QTSSRefMovieModule.cpp
         QTSSRefMovieModule.cpp
     1>e:\test\easydarwin-master\commonutilitieslib\osheaders.h(244): warning C4005: 'ENOTCONN' : macro redefinition
                 d:\program files (x86)\microsoft visual studio 10.0\vc\include\errno.h(118) : see previous definition of 'ENOTCONN'
     1>e:\test\easydarwin-master\commonutilitieslib\osheaders.h(245): warning C4005: 'EADDRINUSE' : macro redefinition
                 d:\program files (x86)\microsoft visual studio 10.0\vc\include\errno.h(92) : see previous definition of 'EADDRINUSE'
     1>e:\test\easydarwin-master\commonutilitieslib\osheaders.h(246): warning C4005: 'EINPROGRESS' : macro redefinition
                 d:\program files (x86)\microsoft visual studio 10.0\vc\include\errno.h(104) : see previous definition of 'EINPROGRESS'
     1>e:\test\easydarwin-master\commonutilitieslib\osheaders.h(247): warning C4005: 'ENOBUFS' : macro redefinition
                 d:\program files (x86)\microsoft visual studio 10.0\vc\include\errno.h(111) : see previous definition of 'ENOBUFS'
     1>e:\test\easydarwin-master\commonutilitieslib\osheaders.h(248): warning C4005: 'EADDRNOTAVAIL' : macro redefinition
                 d:\program files (x86)\microsoft visual studio 10.0\vc\include\errno.h(93) : see previous definition of 'EADDRNOTAVAIL'
     1>e:\test\easydarwin-master\commonutilitieslib\strptrlen.h(73): warning C4996: '_snprintf': This function or variable may be unsafe. Consider using _snprintf_s instead. To disable deprecation, use _CRT_SECURE_NO_WARNINGS. See online help for details.
                 d:\program files (x86)\microsoft visual studio 10.0\vc\include\stdio.h(363) : see declaration of '_snprintf'
     1>e:\test\easydarwin-master\commonutilitieslib\strptrlen.h(77): warning C4996: '_snprintf': This function or variable may be unsafe. Consider using _snprintf_s instead. To disable deprecation, use _CRT_SECURE_NO_WARNINGS. See online help for details.
                 d:\program files (x86)\microsoft visual studio 10.0\vc\include\stdio.h(363) : see declaration of '_snprintf'
     1>e:\test\easydarwin-master\commonutilitieslib\strptrlen.h(81): warning C4996: '_snprintf': This function or variable may be unsafe. Consider using _snprintf_s instead. To disable deprecation, use _CRT_SECURE_NO_WARNINGS. See online help for details.
                 d:\program files (x86)\microsoft visual studio 10.0\vc\include\stdio.h(363) : see declaration of '_snprintf'
     1>e:\test\easydarwin-master\commonutilitieslib\strptrlen.h(85): warning C4996: '_snprintf': This function or variable may be unsafe. Consider using _snprintf_s instead. To disable deprecation, use _CRT_SECURE_NO_WARNINGS. See online help for details.
                 d:\program files (x86)\microsoft visual studio 10.0\vc\include\stdio.h(363) : see declaration of '_snprintf'
     1>e:\test\easydarwin-master\commonutilitieslib\osthread.h(87): warning C4996: 'strncpy': This function or variable may be unsafe. Consider using strncpy_s instead. To disable deprecation, use _CRT_SECURE_NO_WARNINGS. See online help for details.
                 d:\program files (x86)\microsoft visual studio 10.0\vc\include\string.h(188) : see declaration of 'strncpy'
     1>e:\test\easydarwin-master\commonutilitieslib\osthread.h(88): warning C4996: 'strncpy': This function or variable may be unsafe. Consider using strncpy_s instead. To disable deprecation, use _CRT_SECURE_NO_WARNINGS. See online help for details.
                 d:\program files (x86)\microsoft visual studio 10.0\vc\include\string.h(188) : see declaration of 'strncpy'
     1>e:\test\easydarwin-master\commonutilitieslib\oscond.h(83): warning C4996: '_snprintf': This function or variable may be unsafe. Consider using _snprintf_s instead. To disable deprecation, use _CRT_SECURE_NO_WARNINGS. See online help for details.
                 d:\program files (x86)\microsoft visual studio 10.0\vc\include\stdio.h(363) : see declaration of '_snprintf'
     1>e:\test\easydarwin-master\commonutilitieslib\oscond.h(97): warning C4996: '_snprintf': This function or variable may be unsafe. Consider using _snprintf_s instead. To disable deprecation, use _CRT_SECURE_NO_WARNINGS. See online help for details.
                 d:\program files (x86)\microsoft visual studio 10.0\vc\include\stdio.h(363) : see declaration of '_snprintf'
     1>e:\test\easydarwin-master\commonutilitieslib\oscond.h(119): warning C4996: '_snprintf': This function or variable may be unsafe. Consider using _snprintf_s instead. To disable deprecation, use _CRT_SECURE_NO_WARNINGS. See online help for details.
                 d:\program files (x86)\microsoft visual studio 10.0\vc\include\stdio.h(363) : see declaration of '_snprintf'
     1>e:\test\easydarwin-master\commonutilitieslib\osqueue.h(50): warning C4996: '_snprintf': This function or variable may be unsafe. Consider using _snprintf_s instead. To disable deprecation, use _CRT_SECURE_NO_WARNINGS. See online help for details.
                 d:\program files (x86)\microsoft visual studio 10.0\vc\include\stdio.h(363) : see declaration of '_snprintf'
     1>e:\test\easydarwin-master\commonutilitieslib\osqueue.h(103): warning C4996: '_snprintf': This function or variable may be unsafe. Consider using _snprintf_s instead. To disable deprecation, use _CRT_SECURE_NO_WARNINGS. See online help for details.
                 d:\program files (x86)\microsoft visual studio 10.0\vc\include\stdio.h(363) : see declaration of '_snprintf'
     1>e:\test\easydarwin-master\commonutilitieslib\stringparser.h(120): warning C4996: '_snprintf': This function or variable may be unsafe. Consider using _snprintf_s instead. To disable deprecation, use _CRT_SECURE_NO_WARNINGS. See online help for details.
                 d:\program files (x86)\microsoft visual studio 10.0\vc\include\stdio.h(363) : see declaration of '_snprintf'
     1>e:\test\easydarwin-master\commonutilitieslib\stringparser.h(124): warning C4996: '_snprintf': This function or variable may be unsafe. Consider using _snprintf_s instead. To disable deprecation, use _CRT_SECURE_NO_WARNINGS. See online help for details.
                 d:\program files (x86)\microsoft visual studio 10.0\vc\include\stdio.h(363) : see declaration of '_snprintf'
     1>e:\test\easydarwin-master\commonutilitieslib\stringparser.h(126): warning C4996: '_snprintf': This function or variable may be unsafe. Consider using _snprintf_s instead. To disable deprecation, use _CRT_SECURE_NO_WARNINGS. See online help for details.
                 d:\program files (x86)\microsoft visual studio 10.0\vc\include\stdio.h(363) : see declaration of '_snprintf'
     1>e:\test\easydarwin-master\commonutilitieslib\stringparser.h(128): warning C4996: '_snprintf': This function or variable may be unsafe. Consider using _snprintf_s instead. To disable deprecation, use _CRT_SECURE_NO_WARNINGS. See online help for details.
                 d:\program files (x86)\microsoft visual studio 10.0\vc\include\stdio.h(363) : see declaration of '_snprintf'
     1>e:\test\easydarwin-master\commonutilitieslib\stringparser.h(183): warning C4996: '_snprintf': This function or variable may be unsafe. Consider using _snprintf_s instead. To disable deprecation, use _CRT_SECURE_NO_WARNINGS. See online help for details.
                 d:\program files (x86)\microsoft visual studio 10.0\vc\include\stdio.h(363) : see declaration of '_snprintf'
     1>e:\test\easydarwin-master\commonutilitieslib\osfilesource.h(113): warning C4996: '_snprintf': This function or variable may be unsafe. Consider using _snprintf_s instead. To disable deprecation, use _CRT_SECURE_NO_WARNINGS. See online help for details.
                 d:\program files (x86)\microsoft visual studio 10.0\vc\include\stdio.h(363) : see declaration of '_snprintf'
     1>e:\test\easydarwin-master\commonutilitieslib\osfilesource.h(114): warning C4996: '_snprintf': This function or variable may be unsafe. Consider using _snprintf_s instead. To disable deprecation, use _CRT_SECURE_NO_WARNINGS. See online help for details.
                 d:\program files (x86)\microsoft visual studio 10.0\vc\include\stdio.h(363) : see declaration of '_snprintf'
     1>e:\test\easydarwin-master\commonutilitieslib\osfilesource.h(116): warning C4996: '_snprintf': This function or variable may be unsafe. Consider using _snprintf_s instead. To disable deprecation, use _CRT_SECURE_NO_WARNINGS. See online help for details.
                 d:\program files (x86)\microsoft visual studio 10.0\vc\include\stdio.h(363) : see declaration of '_snprintf'
     1>e:\test\easydarwin-master\commonutilitieslib\osfilesource.h(125): warning C4996: '_snprintf': This function or variable may be unsafe. Consider using _snprintf_s instead. To disable deprecation, use _CRT_SECURE_NO_WARNINGS. See online help for details.
                 d:\program files (x86)\microsoft visual studio 10.0\vc\include\stdio.h(363) : see declaration of '_snprintf'
     1>e:\test\easydarwin-master\apicommoncode\qtssmoduleutils.h(286): warning C4996: '_snprintf': This function or variable may be unsafe. Consider using _snprintf_s instead. To disable deprecation, use _CRT_SECURE_NO_WARNINGS. See online help for details.
                 d:\program files (x86)\microsoft visual studio 10.0\vc\include\stdio.h(363) : see declaration of '_snprintf'
     1>e:\test\easydarwin-master\apimodules\qtssrefmoviemodule\qtssrefmoviemodule.cpp(123): warning C4996: 'strcpy': This function or variable may be unsafe. Consider using strcpy_s instead. To disable deprecation, use _CRT_SECURE_NO_WARNINGS. See online help for details.
                 d:\program files (x86)\microsoft visual studio 10.0\vc\include\string.h(105) : see declaration of 'strcpy'
     1>e:\test\easydarwin-master\apimodules\qtssrefmoviemodule\qtssrefmoviemodule.cpp(244): warning C4996: '_snprintf': This function or variable may be unsafe. Consider using _snprintf_s instead. To disable deprecation, use _CRT_SECURE_NO_WARNINGS. See online help for details.
                 d:\program files (x86)\microsoft visual studio 10.0\vc\include\stdio.h(363) : see declaration of '_snprintf'
     1>e:\test\easydarwin-master\apimodules\qtssrefmoviemodule\qtssrefmoviemodule.cpp(247): warning C4996: '_snprintf': This function or variable may be unsafe. Consider using _snprintf_s instead. To disable deprecation, use _CRT_SECURE_NO_WARNINGS. See online help for details.
                 d:\program files (x86)\microsoft visual studio 10.0\vc\include\stdio.h(363) : see declaration of '_snprintf'
         OSMemory_Modules.cpp
     1>e:\test\easydarwin-master\commonutilitieslib\osheaders.h(244): warning C4005: 'ENOTCONN' : macro redefinition
                 d:\program files (x86)\microsoft visual studio 10.0\vc\include\errno.h(118) : see previous definition of 'ENOTCONN'
     1>e:\test\easydarwin-master\commonutilitieslib\osheaders.h(245): warning C4005: 'EADDRINUSE' : macro redefinition
                 d:\program files (x86)\microsoft visual studio 10.0\vc\include\errno.h(92) : see previous definition of 'EADDRINUSE'
     1>e:\test\easydarwin-master\commonutilitieslib\osheaders.h(246): warning C4005: 'EINPROGRESS' : macro redefinition
                 d:\program files (x86)\microsoft visual studio 10.0\vc\include\errno.h(104) : see previous definition of 'EINPROGRESS'
     1>e:\test\easydarwin-master\commonutilitieslib\osheaders.h(247): warning C4005: 'ENOBUFS' : macro redefinition
                 d:\program files (x86)\microsoft visual studio 10.0\vc\include\errno.h(111) : see previous definition of 'ENOBUFS'
     1>e:\test\easydarwin-master\commonutilitieslib\osheaders.h(248): warning C4005: 'EADDRNOTAVAIL' : macro redefinition
                 d:\program files (x86)\microsoft visual studio 10.0\vc\include\errno.h(93) : see previous definition of 'EADDRNOTAVAIL'
     1>e:\test\easydarwin-master\commonutilitieslib\strptrlen.h(73): warning C4996: '_snprintf': This function or variable may be unsafe. Consider using _snprintf_s instead. To disable deprecation, use _CRT_SECURE_NO_WARNINGS. See online help for details.
                 d:\program files (x86)\microsoft visual studio 10.0\vc\include\stdio.h(363) : see declaration of '_snprintf'
     1>e:\test\easydarwin-master\commonutilitieslib\strptrlen.h(77): warning C4996: '_snprintf': This function or variable may be unsafe. Consider using _snprintf_s instead. To disable deprecation, use _CRT_SECURE_NO_WARNINGS. See online help for details.
                 d:\program files (x86)\microsoft visual studio 10.0\vc\include\stdio.h(363) : see declaration of '_snprintf'
     1>e:\test\easydarwin-master\commonutilitieslib\strptrlen.h(81): warning C4996: '_snprintf': This function or variable may be unsafe. Consider using _snprintf_s instead. To disable deprecation, use _CRT_SECURE_NO_WARNINGS. See online help for details.
                 d:\program files (x86)\microsoft visual studio 10.0\vc\include\stdio.h(363) : see declaration of '_snprintf'
     1>e:\test\easydarwin-master\commonutilitieslib\strptrlen.h(85): warning C4996: '_snprintf': This function or variable may be unsafe. Consider using _snprintf_s instead. To disable deprecation, use _CRT_SECURE_NO_WARNINGS. See online help for details.
                 d:\program files (x86)\microsoft visual studio 10.0\vc\include\stdio.h(363) : see declaration of '_snprintf'
     1>e:\test\easydarwin-master\commonutilitieslib\osthread.h(87): warning C4996: 'strncpy': This function or variable may be unsafe. Consider using strncpy_s instead. To disable deprecation, use _CRT_SECURE_NO_WARNINGS. See online help for details.
                 d:\program files (x86)\microsoft visual studio 10.0\vc\include\string.h(188) : see declaration of 'strncpy'
     1>e:\test\easydarwin-master\commonutilitieslib\osthread.h(88): warning C4996: 'strncpy': This function or variable may be unsafe. Consider using strncpy_s instead. To disable deprecation, use _CRT_SECURE_NO_WARNINGS. See online help for details.
                 d:\program files (x86)\microsoft visual studio 10.0\vc\include\string.h(188) : see declaration of 'strncpy'
     1>e:\test\easydarwin-master\commonutilitieslib\oscond.h(83): warning C4996: '_snprintf': This function or variable may be unsafe. Consider using _snprintf_s instead. To disable deprecation, use _CRT_SECURE_NO_WARNINGS. See online help for details.
                 d:\program files (x86)\microsoft visual studio 10.0\vc\include\stdio.h(363) : see declaration of '_snprintf'
     1>e:\test\easydarwin-master\commonutilitieslib\oscond.h(97): warning C4996: '_snprintf': This function or variable may be unsafe. Consider using _snprintf_s instead. To disable deprecation, use _CRT_SECURE_NO_WARNINGS. See online help for details.
                 d:\program files (x86)\microsoft visual studio 10.0\vc\include\stdio.h(363) : see declaration of '_snprintf'
     1>e:\test\easydarwin-master\commonutilitieslib\oscond.h(119): warning C4996: '_snprintf': This function or variable may be unsafe. Consider using _snprintf_s instead. To disable deprecation, use _CRT_SECURE_NO_WARNINGS. See online help for details.
                 d:\program files (x86)\microsoft visual studio 10.0\vc\include\stdio.h(363) : see declaration of '_snprintf'
     1>e:\test\easydarwin-master\commonutilitieslib\osqueue.h(50): warning C4996: '_snprintf': This function or variable may be unsafe. Consider using _snprintf_s instead. To disable deprecation, use _CRT_SECURE_NO_WARNINGS. See online help for details.
                 d:\program files (x86)\microsoft visual studio 10.0\vc\include\stdio.h(363) : see declaration of '_snprintf'
     1>e:\test\easydarwin-master\commonutilitieslib\osqueue.h(103): warning C4996: '_snprintf': This function or variable may be unsafe. Consider using _snprintf_s instead. To disable deprecation, use _CRT_SECURE_NO_WARNINGS. See online help for details.
                 d:\program files (x86)\microsoft visual studio 10.0\vc\include\stdio.h(363) : see declaration of '_snprintf'
         Generating Code...
       ManifestResourceCompile:
         C:\Program Files (x86)\Microsoft SDKs\Windows\v7.0A\bin\rc.exe /nologo /fo".\Debug\QTSSRefMovieModule.dll.embed.manifest.res" .\Debug\QTSSRefMovieModule_manifest.rc 
     1>C:\Program Files (x86)\MSBuild\Microsoft.Cpp\v4.0\Microsoft.CppBuild.targets(990,5): warning MSB8012: TargetPath(E:\test\EasyDarwin-master\APIModules\QTSSRefMovieModule\.\Debug\QTSSRefMovieModule.dll) does not match the Linker's OutputFile property value (E:\test\EasyDarwin-master\WinNTSupport\Debug\QTSSRefMovieModule.dll). This may cause your project to build incorrectly. To correct this, please make sure that $(OutDir), $(TargetName) and $(TargetExt) property values match the value specified in %(Link.OutputFile).
       Link:
         D:\Program Files (x86)\Microsoft Visual Studio 10.0\VC\bin\link.exe /ERRORREPORT:PROMPT /OUT:"..\..\WinNTSupport\Debug\QTSSRefMovieModule.dll" /INCREMENTAL /NOLOGO odbc32.lib odbccp32.lib wsock32.lib winmm.lib kernel32.lib user32.lib gdi32.lib winspool.lib comdlg32.lib advapi32.lib shell32.lib ole32.lib oleaut32.lib uuid.lib odbc32.lib odbccp32.lib /MANIFEST /ManifestFile:".\Debug\QTSSRefMovieModule.dll.intermediate.manifest" /MANIFESTUAC:"level='asInvoker' uiAccess='false'" /DEBUG /PDB:".\Debug/QTSSRefMovieModule.pdb" /TLBID:1 /DYNAMICBASE:NO /IMPLIB:".\Debug/QTSSRefMovieModule.lib" /MACHINE:X86 /DLL .\Debug\QTSSRefMovieModule.dll.embed.manifest.res
         .\Debug/OSMemory_Modules.obj
         .\Debug/QTSSRefMovieModule.obj
         "E:\test\EasyDarwin-master\APICommonCode\Debug\APICommonCode.lib"
         "E:\test\EasyDarwin-master\APIStubLib\Debug\APIStubLib.lib"
         "E:\test\EasyDarwin-master\CommonUtilitiesLib\CommonUtilitiesLib.lib"
         "E:\test\EasyDarwin-master\WinNTSupport\Debug\SafeDynamicModuleStdLib.lib"
            Creating library .\Debug/QTSSRefMovieModule.lib and object .\Debug/QTSSRefMovieModule.exp
       Manifest:
         C:\Program Files (x86)\Microsoft SDKs\Windows\v7.0A\bin\mt.exe /nologo /verbose /out:".\Debug\QTSSRefMovieModule.dll.embed.manifest" /manifest .\Debug\QTSSRefMovieModule.dll.intermediate.manifest
         C:\Program Files (x86)\Microsoft SDKs\Windows\v7.0A\bin\rc.exe /nologo /fo".\Debug\QTSSRefMovieModule.dll.embed.manifest.res" .\Debug\QTSSRefMovieModule_manifest.rc 
       LinkEmbedManifest:
         D:\Program Files (x86)\Microsoft Visual Studio 10.0\VC\bin\link.exe /ERRORREPORT:PROMPT /OUT:"..\..\WinNTSupport\Debug\QTSSRefMovieModule.dll" /INCREMENTAL /NOLOGO odbc32.lib odbccp32.lib wsock32.lib winmm.lib kernel32.lib user32.lib gdi32.lib winspool.lib comdlg32.lib advapi32.lib shell32.lib ole32.lib oleaut32.lib uuid.lib odbc32.lib odbccp32.lib /MANIFEST /ManifestFile:".\Debug\QTSSRefMovieModule.dll.intermediate.manifest" /MANIFESTUAC:"level='asInvoker' uiAccess='false'" /DEBUG /PDB:".\Debug/QTSSRefMovieModule.pdb" /TLBID:1 /DYNAMICBASE:NO /IMPLIB:".\Debug/QTSSRefMovieModule.lib" /MACHINE:X86 /DLL .\Debug\QTSSRefMovieModule.dll.embed.manifest.res
         .\Debug/OSMemory_Modules.obj
         .\Debug/QTSSRefMovieModule.obj
         "E:\test\EasyDarwin-master\APICommonCode\Debug\APICommonCode.lib"
         "E:\test\EasyDarwin-master\APIStubLib\Debug\APIStubLib.lib"
         "E:\test\EasyDarwin-master\CommonUtilitiesLib\CommonUtilitiesLib.lib"
         "E:\test\EasyDarwin-master\WinNTSupport\Debug\SafeDynamicModuleStdLib.lib"
            Creating library .\Debug/QTSSRefMovieModule.lib and object .\Debug/QTSSRefMovieModule.exp
         QTSSRefMovieModule.vcxproj -> E:\test\EasyDarwin-master\APIModules\QTSSRefMovieModule\.\Debug\QTSSRefMovieModule.dll
       BscMake:
         D:\Program Files (x86)\Microsoft Visual Studio 10.0\VC\bin\bscmake.exe /nologo /o".\Debug/QTSSRefMovieModule.bsc" .\Debug\OSMemory_Modules.sbr .\Debug\QTSSRefMovieModule.sbr
       FinalizeBuildStatus:
         Deleting file ".\Debug\QTSSRefMovieModule.unsuccessfulbuild".
         Touching ".\Debug\QTSSRefMovieModule.lastbuildstate".
     1>Done Building Project "E:\test\EasyDarwin-master\APIModules\QTSSRefMovieModule\QTSSRefMovieModule.vcxproj" (build target(s)).

Build succeeded.

Time Elapsed 00:00:09.51
